06-26 17:09:35.631 13691 13792 D seccomp : 
06-26 17:09:35.631 13691 13792 D seccomp : ==================
06-26 17:09:35.631 13691 13792 D seccomp : SVC[recvfrom|207] ==> PC:0x7e276e9fc4[libc.so:0xd0fc4] P13691-T13805
06-26 17:09:35.631 13691 13792 D seccomp : 0x7e276e9fc4[libc.so:0xd0fc4]
06-26 17:09:35.631 13691 13792 D seccomp : 0x7e28f0845c[libnetd_client.so:0x245c]
06-26 17:09:35.631 13691 13792 D seccomp : 0x7d9b40ba8c[libjavacore.so:0x2da8c]
06-26 17:09:35.631 13691 13792 D seccomp : 0x70bfdf70[boot-core-libart.oat:0x50f70]
06-26 17:09:35.631 13691 13792 D seccomp : args = {"arg0":"0x57","arg1":"0x7d2a630dbc","arg2":"0x4","arg3":"0x0","arg4":"0x0","arg5":"0x0"}
06-26 17:09:35.631 13691 13792 D seccomp : ret = 0x4
06-26 17:09:35.693 13691 13792 D seccomp : 
06-26 17:09:35.693 13691 13792 D seccomp : ==================
06-26 17:09:35.693 13691 13792 D seccomp : SVC[recvfrom|207] ==> PC:0x7e276e9fc4[libc.so:0xd0fc4] P13691-T13805
06-26 17:09:35.693 13691 13792 D seccomp : 0x7e276e9fc4[libc.so:0xd0fc4]
06-26 17:09:35.693 13691 13792 D seccomp : 0x7e28f08550[libnetd_client.so:0x2550]
06-26 17:09:35.693 13691 13792 D seccomp : 0x7d9b40ba8c[libjavacore.so:0x2da8c]
06-26 17:09:35.693 13691 13792 D seccomp : 0x70bfdf70[boot-core-libart.oat:0x50f70]
06-26 17:09:35.693 13691 13792 D seccomp : args = {"arg0":"0x57","arg1":"0x7d2a630dbc","arg2":"0x4","arg3":"0x0","arg4":"0x0","arg5":"0x0"}
06-26 17:09:35.693 13691 13792 D seccomp : ret = 0x4
06-26 17:09:37.216 13691 13792 D seccomp : 
06-26 17:09:37.216 13691 13792 D seccomp : ==================
06-26 17:09:37.216 13691 13792 D seccomp : SVC[recvfrom|207] ==> PC:0x7e276e9fc4[libc.so:0xd0fc4] P13691-T13805
06-26 17:09:37.216 13691 13792 D seccomp : 0x7e276e9fc4[libc.so:0xd0fc4]
06-26 17:09:37.216 13691 13792 D seccomp : 0x7d99bec4e8[libopenjdk.so:0x2a4e8]
06-26 17:09:37.216 13691 13792 D seccomp : 0x70919060[boot.oat:0xc2060]
06-26 17:09:37.216 13691 13792 D seccomp : args = {"arg0":"0x56","arg1":"0x7d2a620928","arg2":"0x2000","arg3":"0x0","arg4":"0x0","arg5":"0x0"}
06-26 17:09:37.216 13691 13792 D seccomp : ret = 0x27
06-26 17:09:37.433 13691 13792 D seccomp : 
06-26 17:09:37.433 13691 13792 D seccomp : ==================
06-26 17:09:37.433 13691 13792 D seccomp : SVC[recvfrom|207] ==> PC:0x7e276e9fc4[libc.so:0xd0fc4] P13691-T13805
06-26 17:09:37.433 13691 13792 D seccomp : 0x7e276e9fc4[libc.so:0xd0fc4]
06-26 17:09:37.433 13691 13792 D seccomp : 0x7e28f0845c[libnetd_client.so:0x245c]
06-26 17:09:37.433 13691 13792 D seccomp : 0x7d9b40ba8c[libjavacore.so:0x2da8c]
06-26 17:09:37.433 13691 13792 D seccomp : 0x70bfdf70[boot-core-libart.oat:0x50f70]
06-26 17:09:37.433 13691 13792 D seccomp : 0x7da3ed8c80[unkownmem:]
06-26 17:09:37.433 13691 13792 D seccomp : 0x15354393124091673000[undefined:0x15354392574371960000]
06-26 17:09:37.433 13691 13792 D seccomp : args = {"arg0":"0x5c","arg1":"0x7d2a62f0dc","arg2":"0x4","arg3":"0x0","arg4":"0x0","arg5":"0x0"}
06-26 17:09:37.433 13691 13792 D seccomp : ret = 0x4
06-26 17:09:37.586 13691 13792 D seccomp : 
06-26 17:09:37.586 13691 13792 D seccomp : ==================
06-26 17:09:37.586 13691 13792 D seccomp : SVC[recvfrom|207] ==> PC:0x7e276e9fc4[libc.so:0xd0fc4] P13691-T13805
06-26 17:09:37.586 13691 13792 D seccomp : 0x7e276e9fc4[libc.so:0xd0fc4]
06-26 17:09:37.586 13691 13792 D seccomp : 0x7e28f08550[libnetd_client.so:0x2550]
06-26 17:09:37.586 13691 13792 D seccomp : 0x7d9b40ba8c[libjavacore.so:0x2da8c]
06-26 17:09:37.586 13691 13792 D seccomp : 0x70bfdf70[boot-core-libart.oat:0x50f70]
06-26 17:09:37.586 13691 13792 D seccomp : 0x7da3ed8c80[unkownmem:]
06-26 17:09:37.586 13691 13792 D seccomp : 0x15354393124091673000[undefined:0x15354392574371960000]
06-26 17:09:37.586 13691 13792 D seccomp : args = {"arg0":"0x5c","arg1":"0x7d2a62f0dc","arg2":"0x4","arg3":"0x0","arg4":"0x0","arg5":"0x0"}
06-26 17:09:37.586 13691 13792 D seccomp : ret = 0x4
06-26 17:09:37.784 13691 13792 D seccomp : 
06-26 17:09:37.784 13691 13792 D seccomp : ==================
06-26 17:09:37.784 13691 13792 D seccomp : SVC[recvfrom|207] ==> PC:0x7e276e9fc4[libc.so:0xd0fc